<?xml version="1.0" encoding="UTF-8" ?>
<testsuite failures="0" time="0.66" errors="0" skipped="0" tests="1" name="TestSuite">
  <properties>
    <property name="java.runtime.name" value="Java(TM) SE Runtime Environment"/>
    <property name="sun.boot.library.path" value="/usr/lib/jvm/java-6-sun-1.6.0.20/jre/lib/i386"/>
    <property name="java.vm.version" value="16.3-b01"/>
    <property name="java.vm.vendor" value="Sun Microsystems Inc."/>
    <property name="java.vendor.url" value="http://java.sun.com/"/>
    <property name="path.separator" value=":"/>
    <property name="java.vm.name" value="Java HotSpot(TM) Server VM"/>
    <property name="file.encoding.pkg" value="sun.io"/>
    <property name="user.country" value="US"/>
    <property name="sun.java.launcher" value="SUN_STANDARD"/>
    <property name="sun.os.patch.level" value="unknown"/>
    <property name="java.vm.specification.name" value="Java Virtual Machine Specification"/>
    <property name="user.dir" value="/home/students/nguyenkb/Desktop/CrapOut_v6_withTest/jetty"/>
    <property name="java.runtime.version" value="1.6.0_20-b02"/>
    <property name="java.awt.graphicsenv" value="sun.awt.X11GraphicsEnvironment"/>
    <property name="basedir" value="/home/students/nguyenkb/Desktop/CrapOut_v6_withTest/jetty"/>
    <property name="java.endorsed.dirs" value="/usr/lib/jvm/java-6-sun-1.6.0.20/jre/lib/endorsed"/>
    <property name="os.arch" value="i386"/>
    <property name="surefire.real.class.path" value="/tmp/surefirebooter5050594952131395809.jar"/>
    <property name="java.io.tmpdir" value="/tmp"/>
    <property name="line.separator" value="
"/>
    <property name="java.vm.specification.vendor" value="Sun Microsystems Inc."/>
    <property name="os.name" value="Linux"/>
    <property name="sun.jnu.encoding" value="UTF-8"/>
    <property name="java.library.path" value="/root/usr/lib/jvm/java-6-sun-1.6.0.20/jre/lib/i386/server:/root/usr/lib/jvm/java-6-sun-1.6.0.20/jre/lib/i386:/root/usr/lib/jvm/java-6-sun-1.6.0.20/jre/../lib/i386:/usr/java/packages/lib/i386:/lib:/usr/lib"/>
    <property name="surefire.test.class.path" value="/home/students/nguyenkb/Desktop/CrapOut_v6_withTest/jetty/target/test-classes:/home/students/nguyenkb/Desktop/CrapOut_v6_withTest/jetty/target/classes:/home/students/nguyenkb/.m2/repository/org/testng/testng/5.14/testng-5.14.jar:/home/students/nguyenkb/.m2/repository/junit/junit/3.8.1/junit-3.8.1.jar:/home/students/nguyenkb/.m2/repository/org/beanshell/bsh/2.0b4/bsh-2.0b4.jar:/home/students/nguyenkb/.m2/repository/com/google/inject/guice/2.0/guice-2.0.jar:/home/students/nguyenkb/.m2/repository/aopalliance/aopalliance/1.0/aopalliance-1.0.jar:/home/students/nguyenkb/.m2/repository/com/beust/jcommander/1.5/jcommander-1.5.jar:/home/students/nguyenkb/.m2/repository/javax/servlet/servlet-api/2.5/servlet-api-2.5.jar:/home/students/nguyenkb/.m2/repository/taglibs/standard/1.1.2/standard-1.1.2.jar:"/>
    <property name="java.specification.name" value="Java Platform API Specification"/>
    <property name="java.class.version" value="50.0"/>
    <property name="sun.management.compiler" value="HotSpot Tiered Compilers"/>
    <property name="os.version" value="2.6.24-28-generic"/>
    <property name="user.home" value="/home/students/nguyenkb"/>
    <property name="user.timezone" value="America/Denver"/>
    <property name="java.awt.printerjob" value="sun.print.PSPrinterJob"/>
    <property name="file.encoding" value="UTF-8"/>
    <property name="java.specification.version" value="1.6"/>
    <property name="user.name" value="nguyenkb"/>
    <property name="java.class.path" value="/home/students/nguyenkb/Desktop/CrapOut_v6_withTest/jetty/target/test-classes:/home/students/nguyenkb/Desktop/CrapOut_v6_withTest/jetty/target/classes:/home/students/nguyenkb/.m2/repository/org/testng/testng/5.14/testng-5.14.jar:/home/students/nguyenkb/.m2/repository/junit/junit/3.8.1/junit-3.8.1.jar:/home/students/nguyenkb/.m2/repository/org/beanshell/bsh/2.0b4/bsh-2.0b4.jar:/home/students/nguyenkb/.m2/repository/com/google/inject/guice/2.0/guice-2.0.jar:/home/students/nguyenkb/.m2/repository/aopalliance/aopalliance/1.0/aopalliance-1.0.jar:/home/students/nguyenkb/.m2/repository/com/beust/jcommander/1.5/jcommander-1.5.jar:/home/students/nguyenkb/.m2/repository/javax/servlet/servlet-api/2.5/servlet-api-2.5.jar:/home/students/nguyenkb/.m2/repository/taglibs/standard/1.1.2/standard-1.1.2.jar:"/>
    <property name="java.vm.specification.version" value="1.0"/>
    <property name="sun.arch.data.model" value="32"/>
    <property name="java.home" value="/usr/lib/jvm/java-6-sun-1.6.0.20/jre"/>
    <property name="java.specification.vendor" value="Sun Microsystems Inc."/>
    <property name="user.language" value="en"/>
    <property name="java.vm.info" value="mixed mode"/>
    <property name="java.version" value="1.6.0_20"/>
    <property name="java.ext.dirs" value="/usr/lib/jvm/java-6-sun-1.6.0.20/jre/lib/ext:/usr/java/packages/lib/ext"/>
    <property name="sun.boot.class.path" value="/usr/lib/jvm/java-6-sun-1.6.0.20/jre/lib/resources.jar:/usr/lib/jvm/java-6-sun-1.6.0.20/jre/lib/rt.jar:/usr/lib/jvm/java-6-sun-1.6.0.20/jre/lib/sunrsasign.jar:/usr/lib/jvm/java-6-sun-1.6.0.20/jre/lib/jsse.jar:/usr/lib/jvm/java-6-sun-1.6.0.20/jre/lib/jce.jar:/usr/lib/jvm/java-6-sun-1.6.0.20/jre/lib/charsets.jar:/usr/lib/jvm/java-6-sun-1.6.0.20/jre/classes"/>
    <property name="java.vendor" value="Sun Microsystems Inc."/>
    <property name="localRepository" value="/home/students/nguyenkb/.m2/repository"/>
    <property name="file.separator" value="/"/>
    <property name="java.vendor.url.bug" value="http://java.sun.com/cgi-bin/bugreport.cgi"/>
    <property name="sun.cpu.endian" value="little"/>
    <property name="sun.io.unicode.encoding" value="UnicodeLittle"/>
    <property name="sun.desktop" value="gnome"/>
    <property name="sun.cpu.isalist" value=""/>
  </properties>
  <testcase time="0.01" classname="net.rallyedu.Crapout.PassLineTest" name="test"/>
</testsuite>