<?xml version="1.0" encoding="UTF-8" ?>
<testsuite failures="0" time="0.492" errors="0" skipped="0" tests="1" name="TestSuite">
  <properties>
    <property name="java.runtime.name" value="Java(TM) SE Runtime Environment"/>
    <property name="sun.boot.library.path" value="/System/Library/Java/JavaVirtualMachines/1.6.0.jdk/Contents/Libraries"/>
    <property name="java.vm.version" value="17.1-b03-307"/>
    <property name="awt.nativeDoubleBuffering" value="true"/>
    <property name="gopherProxySet" value="false"/>
    <property name="mrj.build" value="10M3261"/>
    <property name="java.vm.vendor" value="Apple Inc."/>
    <property name="java.vendor.url" value="http://www.apple.com/"/>
    <property name="path.separator" value=":"/>
    <property name="java.vm.name" value="Java HotSpot(TM) 64-Bit Server VM"/>
    <property name="file.encoding.pkg" value="sun.io"/>
    <property name="user.country" value="US"/>
    <property name="sun.java.launcher" value="SUN_STANDARD"/>
    <property name="sun.os.patch.level" value="unknown"/>
    <property name="java.vm.specification.name" value="Java Virtual Machine Specification"/>
    <property name="user.dir" value="/Users/zachmanc/Documents/Classes/Fall 2010/CSCI 3308/Project/Crapout/jetty"/>
    <property name="java.runtime.version" value="1.6.0_22-b04-307-10M3261"/>
    <property name="java.awt.graphicsenv" value="apple.awt.CGraphicsEnvironment"/>
    <property name="basedir" value="/Users/zachmanc/Documents/Classes/Fall 2010/CSCI 3308/Project/Crapout/jetty"/>
    <property name="java.endorsed.dirs" value="/System/Library/Java/JavaVirtualMachines/1.6.0.jdk/Contents/Home/lib/endorsed"/>
    <property name="os.arch" value="x86_64"/>
    <property name="surefire.real.class.path" value="/var/folders/9d/9dnZ+x+IH0qqyBYuMiTpo++++TI/-Tmp-/surefirebooter9192933491895128396.jar"/>
    <property name="java.io.tmpdir" value="/var/folders/9d/9dnZ+x+IH0qqyBYuMiTpo++++TI/-Tmp-/"/>
    <property name="line.separator" value="
"/>
    <property name="java.vm.specification.vendor" value="Sun Microsystems Inc."/>
    <property name="os.name" value="Mac OS X"/>
    <property name="sun.jnu.encoding" value="MacRoman"/>
    <property name="java.library.path" value=".:/Users/zachmanc/Library/Java/Extensions:/Library/Java/Extensions:/System/Library/Java/Extensions:/usr/lib/java"/>
    <property name="surefire.test.class.path" value="/Users/zachmanc/Documents/Classes/Fall 2010/CSCI 3308/Project/Crapout/jetty/target/test-classes:/Users/zachmanc/Documents/Classes/Fall 2010/CSCI 3308/Project/Crapout/jetty/target/classes:/Users/zachmanc/.m2/repository/org/testng/testng/5.14/testng-5.14.jar:/Users/zachmanc/.m2/repository/junit/junit/3.8.1/junit-3.8.1.jar:/Users/zachmanc/.m2/repository/org/beanshell/bsh/2.0b4/bsh-2.0b4.jar:/Users/zachmanc/.m2/repository/com/google/inject/guice/2.0/guice-2.0.jar:/Users/zachmanc/.m2/repository/aopalliance/aopalliance/1.0/aopalliance-1.0.jar:/Users/zachmanc/.m2/repository/com/beust/jcommander/1.5/jcommander-1.5.jar:/Users/zachmanc/.m2/repository/javax/servlet/servlet-api/2.5/servlet-api-2.5.jar:/Users/zachmanc/.m2/repository/taglibs/standard/1.1.2/standard-1.1.2.jar:"/>
    <property name="java.specification.name" value="Java Platform API Specification"/>
    <property name="java.class.version" value="50.0"/>
    <property name="sun.management.compiler" value="HotSpot 64-Bit Server Compiler"/>
    <property name="os.version" value="10.6.5"/>
    <property name="http.nonProxyHosts" value="lockproxy.info|*.lockproxy.info"/>
    <property name="user.home" value="/Users/zachmanc"/>
    <property name="user.timezone" value="America/Denver"/>
    <property name="java.awt.printerjob" value="apple.awt.CPrinterJob"/>
    <property name="java.specification.version" value="1.6"/>
    <property name="file.encoding" value="MacRoman"/>
    <property name="user.name" value="zachmanc"/>
    <property name="java.class.path" value="/Users/zachmanc/Documents/Classes/Fall 2010/CSCI 3308/Project/Crapout/jetty/target/test-classes:/Users/zachmanc/Documents/Classes/Fall 2010/CSCI 3308/Project/Crapout/jetty/target/classes:/Users/zachmanc/.m2/repository/org/testng/testng/5.14/testng-5.14.jar:/Users/zachmanc/.m2/repository/junit/junit/3.8.1/junit-3.8.1.jar:/Users/zachmanc/.m2/repository/org/beanshell/bsh/2.0b4/bsh-2.0b4.jar:/Users/zachmanc/.m2/repository/com/google/inject/guice/2.0/guice-2.0.jar:/Users/zachmanc/.m2/repository/aopalliance/aopalliance/1.0/aopalliance-1.0.jar:/Users/zachmanc/.m2/repository/com/beust/jcommander/1.5/jcommander-1.5.jar:/Users/zachmanc/.m2/repository/javax/servlet/servlet-api/2.5/servlet-api-2.5.jar:/Users/zachmanc/.m2/repository/taglibs/standard/1.1.2/standard-1.1.2.jar:"/>
    <property name="java.vm.specification.version" value="1.0"/>
    <property name="sun.arch.data.model" value="64"/>
    <property name="java.home" value="/System/Library/Java/JavaVirtualMachines/1.6.0.jdk/Contents/Home"/>
    <property name="java.specification.vendor" value="Sun Microsystems Inc."/>
    <property name="user.language" value="en"/>
    <property name="awt.toolkit" value="apple.awt.CToolkit"/>
    <property name="java.vm.info" value="mixed mode"/>
    <property name="java.version" value="1.6.0_22"/>
    <property name="java.ext.dirs" value="/Users/zachmanc/Library/Java/Extensions:/Library/Java/Extensions:/System/Library/Java/Extensions:/System/Library/Java/JavaVirtualMachines/1.6.0.jdk/Contents/Home/lib/ext"/>
    <property name="sun.boot.class.path" value="/System/Library/Java/JavaVirtualMachines/1.6.0.jdk/Contents/Classes/jsfd.jar:/System/Library/Java/JavaVirtualMachines/1.6.0.jdk/Contents/Classes/classes.jar:/System/Library/Frameworks/JavaVM.framework/Frameworks/JavaRuntimeSupport.framework/Resources/Java/JavaRuntimeSupport.jar:/System/Library/Java/JavaVirtualMachines/1.6.0.jdk/Contents/Classes/ui.jar:/System/Library/Java/JavaVirtualMachines/1.6.0.jdk/Contents/Classes/laf.jar:/System/Library/Java/JavaVirtualMachines/1.6.0.jdk/Contents/Classes/sunrsasign.jar:/System/Library/Java/JavaVirtualMachines/1.6.0.jdk/Contents/Classes/jsse.jar:/System/Library/Java/JavaVirtualMachines/1.6.0.jdk/Contents/Classes/jce.jar:/System/Library/Java/JavaVirtualMachines/1.6.0.jdk/Contents/Classes/charsets.jar"/>
    <property name="java.vendor" value="Apple Inc."/>
    <property name="localRepository" value="/Users/zachmanc/.m2/repository"/>
    <property name="file.separator" value="/"/>
    <property name="java.vendor.url.bug" value="http://bugreport.apple.com/"/>
    <property name="sun.cpu.endian" value="little"/>
    <property name="sun.io.unicode.encoding" value="UnicodeLittle"/>
    <property name="mrj.version" value="1060.1.6.0_22-307"/>
    <property name="socksNonProxyHosts" value="lockproxy.info|*.lockproxy.info"/>
    <property name="ftp.nonProxyHosts" value="lockproxy.info|*.lockproxy.info"/>
    <property name="sun.cpu.isalist" value=""/>
  </properties>
  <testcase time="0.006" classname="net.rallyedu.Crapout.DontPassLineTest" name="test"/>
</testsuite>